nb_gpu 4
opt_d_model 500
[2020-05-02 20:34:37,184 INFO] Loading checkpoint from experiments/checkpoints/USPTO-50K/USPTO-50K_model_step_180000.pt
[2020-05-02 20:34:40,779 INFO] Loading train dataset from data/USPTO-50K/USPTO-50K.train.0.pt, number of examples: 400040
[2020-05-02 20:34:40,779 INFO] Loading vocab from checkpoint at experiments/checkpoints/USPTO-50K/USPTO-50K_model_step_180000.pt.
[2020-05-02 20:34:40,779 INFO]  * vocabulary size. source = 201; target = 201
[2020-05-02 20:34:40,779 INFO] Building model...
opt_d_model 256
[2020-05-02 20:34:50,985 INFO] NMTModel(
  (encoder): TransformerEncoder(
    (embeddings): Embeddings(
      (make_embedding): Sequential(
        (emb_luts): Elementwise(
          (0): Embedding(201, 256, padding_idx=1)
        )
        (pe): PositionalEncoding(
          (dropout): Dropout(p=0.1, inplace=False)
        )
      )
    )
    (transformer): ModuleList(
      (0): TransformerEncoderLayer(
        (self_attn): MultiHeadedAttention(
          (linear_keys): Linear(in_features=256, out_features=256, bias=True)
          (linear_values): Linear(in_features=256, out_features=256, bias=True)
          (linear_query): Linear(in_features=256, out_features=256, bias=True)
          (softmax): Softmax(dim=-1)
          (dropout): Dropout(p=0.1, inplace=False)
          (final_linear): Linear(in_features=256, out_features=256, bias=True)
        )
        (feed_forward): PositionwiseFeedForward(
          (w_1): Linear(in_features=256, out_features=2048, bias=True)
          (w_2): Linear(in_features=2048, out_features=256, bias=True)
          (layer_norm): LayerNorm()
          (dropout_1): Dropout(p=0.1, inplace=False)
          (relu): ReLU()
          (dropout_2): Dropout(p=0.1, inplace=False)
        )
        (layer_norm): LayerNorm()
        (dropout): Dropout(p=0.1, inplace=False)
      )
      (1): TransformerEncoderLayer(
        (self_attn): MultiHeadedAttention(
          (linear_keys): Linear(in_features=256, out_features=256, bias=True)
          (linear_values): Linear(in_features=256, out_features=256, bias=True)
          (linear_query): Linear(in_features=256, out_features=256, bias=True)
          (softmax): Softmax(dim=-1)
          (dropout): Dropout(p=0.1, inplace=False)
          (final_linear): Linear(in_features=256, out_features=256, bias=True)
        )
        (feed_forward): PositionwiseFeedForward(
          (w_1): Linear(in_features=256, out_features=2048, bias=True)
          (w_2): Linear(in_features=2048, out_features=256, bias=True)
          (layer_norm): LayerNorm()
          (dropout_1): Dropout(p=0.1, inplace=False)
          (relu): ReLU()
          (dropout_2): Dropout(p=0.1, inplace=False)
        )
        (layer_norm): LayerNorm()
        (dropout): Dropout(p=0.1, inplace=False)
      )
      (2): TransformerEncoderLayer(
        (self_attn): MultiHeadedAttention(
          (linear_keys): Linear(in_features=256, out_features=256, bias=True)
          (linear_values): Linear(in_features=256, out_features=256, bias=True)
          (linear_query): Linear(in_features=256, out_features=256, bias=True)
          (softmax): Softmax(dim=-1)
          (dropout): Dropout(p=0.1, inplace=False)
          (final_linear): Linear(in_features=256, out_features=256, bias=True)
        )
        (feed_forward): PositionwiseFeedForward(
          (w_1): Linear(in_features=256, out_features=2048, bias=True)
          (w_2): Linear(in_features=2048, out_features=256, bias=True)
          (layer_norm): LayerNorm()
          (dropout_1): Dropout(p=0.1, inplace=False)
          (relu): ReLU()
          (dropout_2): Dropout(p=0.1, inplace=False)
        )
        (layer_norm): LayerNorm()
        (dropout): Dropout(p=0.1, inplace=False)
      )
      (3): TransformerEncoderLayer(
        (self_attn): MultiHeadedAttention(
          (linear_keys): Linear(in_features=256, out_features=256, bias=True)
          (linear_values): Linear(in_features=256, out_features=256, bias=True)
          (linear_query): Linear(in_features=256, out_features=256, bias=True)
          (softmax): Softmax(dim=-1)
          (dropout): Dropout(p=0.1, inplace=False)
          (final_linear): Linear(in_features=256, out_features=256, bias=True)
        )
        (feed_forward): PositionwiseFeedForward(
          (w_1): Linear(in_features=256, out_features=2048, bias=True)
          (w_2): Linear(in_features=2048, out_features=256, bias=True)
          (layer_norm): LayerNorm()
          (dropout_1): Dropout(p=0.1, inplace=False)
          (relu): ReLU()
          (dropout_2): Dropout(p=0.1, inplace=False)
        )
        (layer_norm): LayerNorm()
        (dropout): Dropout(p=0.1, inplace=False)
      )
      (4): TransformerEncoderLayer(
        (self_attn): MultiHeadedAttention(
          (linear_keys): Linear(in_features=256, out_features=256, bias=True)
          (linear_values): Linear(in_features=256, out_features=256, bias=True)
          (linear_query): Linear(in_features=256, out_features=256, bias=True)
          (softmax): Softmax(dim=-1)
          (dropout): Dropout(p=0.1, inplace=False)
          (final_linear): Linear(in_features=256, out_features=256, bias=True)
        )
        (feed_forward): PositionwiseFeedForward(
          (w_1): Linear(in_features=256, out_features=2048, bias=True)
          (w_2): Linear(in_features=2048, out_features=256, bias=True)
          (layer_norm): LayerNorm()
          (dropout_1): Dropout(p=0.1, inplace=False)
          (relu): ReLU()
          (dropout_2): Dropout(p=0.1, inplace=False)
        )
        (layer_norm): LayerNorm()
        (dropout): Dropout(p=0.1, inplace=False)
      )
      (5): TransformerEncoderLayer(
        (self_attn): MultiHeadedAttention(
          (linear_keys): Linear(in_features=256, out_features=256, bias=True)
          (linear_values): Linear(in_features=256, out_features=256, bias=True)
          (linear_query): Linear(in_features=256, out_features=256, bias=True)
          (softmax): Softmax(dim=-1)
          (dropout): Dropout(p=0.1, inplace=False)
          (final_linear): Linear(in_features=256, out_features=256, bias=True)
        )
        (feed_forward): PositionwiseFeedForward(
          (w_1): Linear(in_features=256, out_features=2048, bias=True)
          (w_2): Linear(in_features=2048, out_features=256, bias=True)
          (layer_norm): LayerNorm()
          (dropout_1): Dropout(p=0.1, inplace=False)
          (relu): ReLU()
          (dropout_2): Dropout(p=0.1, inplace=False)
        )
        (layer_norm): LayerNorm()
        (dropout): Dropout(p=0.1, inplace=False)
      )
      (6): TransformerEncoderLayer(
        (self_attn): MultiHeadedAttention(
          (linear_keys): Linear(in_features=256, out_features=256, bias=True)
          (linear_values): Linear(in_features=256, out_features=256, bias=True)
          (linear_query): Linear(in_features=256, out_features=256, bias=True)
          (softmax): Softmax(dim=-1)
          (dropout): Dropout(p=0.1, inplace=False)
          (final_linear): Linear(in_features=256, out_features=256, bias=True)
        )
        (feed_forward): PositionwiseFeedForward(
          (w_1): Linear(in_features=256, out_features=2048, bias=True)
          (w_2): Linear(in_features=2048, out_features=256, bias=True)
          (layer_norm): LayerNorm()
          (dropout_1): Dropout(p=0.1, inplace=False)
          (relu): ReLU()
          (dropout_2): Dropout(p=0.1, inplace=False)
        )
        (layer_norm): LayerNorm()
        (dropout): Dropout(p=0.1, inplace=False)
      )
      (7): TransformerEncoderLayer(
        (self_attn): MultiHeadedAttention(
          (linear_keys): Linear(in_features=256, out_features=256, bias=True)
          (linear_values): Linear(in_features=256, out_features=256, bias=True)
          (linear_query): Linear(in_features=256, out_features=256, bias=True)
          (softmax): Softmax(dim=-1)
          (dropout): Dropout(p=0.1, inplace=False)
          (final_linear): Linear(in_features=256, out_features=256, bias=True)
        )
        (feed_forward): PositionwiseFeedForward(
          (w_1): Linear(in_features=256, out_features=2048, bias=True)
          (w_2): Linear(in_features=2048, out_features=256, bias=True)
          (layer_norm): LayerNorm()
          (dropout_1): Dropout(p=0.1, inplace=False)
          (relu): ReLU()
          (dropout_2): Dropout(p=0.1, inplace=False)
        )
        (layer_norm): LayerNorm()
        (dropout): Dropout(p=0.1, inplace=False)
      )
      (8): TransformerEncoderLayer(
        (self_attn): MultiHeadedAttention(
          (linear_keys): Linear(in_features=256, out_features=256, bias=True)
          (linear_values): Linear(in_features=256, out_features=256, bias=True)
          (linear_query): Linear(in_features=256, out_features=256, bias=True)
          (softmax): Softmax(dim=-1)
          (dropout): Dropout(p=0.1, inplace=False)
          (final_linear): Linear(in_features=256, out_features=256, bias=True)
        )
        (feed_forward): PositionwiseFeedForward(
          (w_1): Linear(in_features=256, out_features=2048, bias=True)
          (w_2): Linear(in_features=2048, out_features=256, bias=True)
          (layer_norm): LayerNorm()
          (dropout_1): Dropout(p=0.1, inplace=False)
          (relu): ReLU()
          (dropout_2): Dropout(p=0.1, inplace=False)
        )
        (layer_norm): LayerNorm()
        (dropout): Dropout(p=0.1, inplace=False)
      )
      (9): TransformerEncoderLayer(
        (self_attn): MultiHeadedAttention(
          (linear_keys): Linear(in_features=256, out_features=256, bias=True)
          (linear_values): Linear(in_features=256, out_features=256, bias=True)
          (linear_query): Linear(in_features=256, out_features=256, bias=True)
          (softmax): Softmax(dim=-1)
          (dropout): Dropout(p=0.1, inplace=False)
          (final_linear): Linear(in_features=256, out_features=256, bias=True)
        )
        (feed_forward): PositionwiseFeedForward(
          (w_1): Linear(in_features=256, out_features=2048, bias=True)
          (w_2): Linear(in_features=2048, out_features=256, bias=True)
          (layer_norm): LayerNorm()
          (dropout_1): Dropout(p=0.1, inplace=False)
          (relu): ReLU()
          (dropout_2): Dropout(p=0.1, inplace=False)
        )
        (layer_norm): LayerNorm()
        (dropout): Dropout(p=0.1, inplace=False)
      )
      (10): TransformerEncoderLayer(
        (self_attn): MultiHeadedAttention(
          (linear_keys): Linear(in_features=256, out_features=256, bias=True)
          (linear_values): Linear(in_features=256, out_features=256, bias=True)
          (linear_query): Linear(in_features=256, out_features=256, bias=True)
          (softmax): Softmax(dim=-1)
          (dropout): Dropout(p=0.1, inplace=False)
          (final_linear): Linear(in_features=256, out_features=256, bias=True)
        )
        (feed_forward): PositionwiseFeedForward(
          (w_1): Linear(in_features=256, out_features=2048, bias=True)
          (w_2): Linear(in_features=2048, out_features=256, bias=True)
          (layer_norm): LayerNorm()
          (dropout_1): Dropout(p=0.1, inplace=False)
          (relu): ReLU()
          (dropout_2): Dropout(p=0.1, inplace=False)
        )
        (layer_norm): LayerNorm()
        (dropout): Dropout(p=0.1, inplace=False)
      )
      (11): TransformerEncoderLayer(
        (self_attn): MultiHeadedAttention(
          (linear_keys): Linear(in_features=256, out_features=256, bias=True)
          (linear_values): Linear(in_features=256, out_features=256, bias=True)
          (linear_query): Linear(in_features=256, out_features=256, bias=True)
          (softmax): Softmax(dim=-1)
          (dropout): Dropout(p=0.1, inplace=False)
          (final_linear): Linear(in_features=256, out_features=256, bias=True)
        )
        (feed_forward): PositionwiseFeedForward(
          (w_1): Linear(in_features=256, out_features=2048, bias=True)
          (w_2): Linear(in_features=2048, out_features=256, bias=True)
          (layer_norm): LayerNorm()
          (dropout_1): Dropout(p=0.1, inplace=False)
          (relu): ReLU()
          (dropout_2): Dropout(p=0.1, inplace=False)
        )
        (layer_norm): LayerNorm()
        (dropout): Dropout(p=0.1, inplace=False)
      )
      (12): TransformerEncoderLayer(
        (self_attn): MultiHeadedAttention(
          (linear_keys): Linear(in_features=256, out_features=256, bias=True)
          (linear_values): Linear(in_features=256, out_features=256, bias=True)
          (linear_query): Linear(in_features=256, out_features=256, bias=True)
          (softmax): Softmax(dim=-1)
          (dropout): Dropout(p=0.1, inplace=False)
          (final_linear): Linear(in_features=256, out_features=256, bias=True)
        )
        (feed_forward): PositionwiseFeedForward(
          (w_1): Linear(in_features=256, out_features=2048, bias=True)
          (w_2): Linear(in_features=2048, out_features=256, bias=True)
          (layer_norm): LayerNorm()
          (dropout_1): Dropout(p=0.1, inplace=False)
          (relu): ReLU()
          (dropout_2): Dropout(p=0.1, inplace=False)
        )
        (layer_norm): LayerNorm()
        (dropout): Dropout(p=0.1, inplace=False)
      )
    )
    (layer_norm): LayerNorm()
  )
  (decoder): TransformerDecoder(
    (embeddings): Embeddings(
      (make_embedding): Sequential(
        (emb_luts): Elementwise(
          (0): Embedding(201, 256, padding_idx=1)
        )
        (pe): PositionalEncoding(
          (dropout): Dropout(p=0.1, inplace=False)
        )
      )
    )
    (transformer_layers): ModuleList(
      (0): TransformerDecoderLayer(
        (self_attn): MultiHeadedAttention(
          (linear_keys): Linear(in_features=256, out_features=256, bias=True)
          (linear_values): Linear(in_features=256, out_features=256, bias=True)
          (linear_query): Linear(in_features=256, out_features=256, bias=True)
          (softmax): Softmax(dim=-1)
          (dropout): Dropout(p=0.1, inplace=False)
          (final_linear): Linear(in_features=256, out_features=256, bias=True)
        )
        (context_attn): MultiHeadedAttention(
          (linear_keys): Linear(in_features=256, out_features=256, bias=True)
          (linear_values): Linear(in_features=256, out_features=256, bias=True)
          (linear_query): Linear(in_features=256, out_features=256, bias=True)
          (softmax): Softmax(dim=-1)
          (dropout): Dropout(p=0.1, inplace=False)
          (final_linear): Linear(in_features=256, out_features=256, bias=True)
        )
        (feed_forward): PositionwiseFeedForward(
          (w_1): Linear(in_features=256, out_features=2048, bias=True)
          (w_2): Linear(in_features=2048, out_features=256, bias=True)
          (layer_norm): LayerNorm()
          (dropout_1): Dropout(p=0.1, inplace=False)
          (relu): ReLU()
          (dropout_2): Dropout(p=0.1, inplace=False)
        )
        (layer_norm_1): LayerNorm()
        (layer_norm_2): LayerNorm()
        (drop): Dropout(p=0.1, inplace=False)
      )
      (1): TransformerDecoderLayer(
        (self_attn): MultiHeadedAttention(
          (linear_keys): Linear(in_features=256, out_features=256, bias=True)
          (linear_values): Linear(in_features=256, out_features=256, bias=True)
          (linear_query): Linear(in_features=256, out_features=256, bias=True)
          (softmax): Softmax(dim=-1)
          (dropout): Dropout(p=0.1, inplace=False)
          (final_linear): Linear(in_features=256, out_features=256, bias=True)
        )
        (context_attn): MultiHeadedAttention(
          (linear_keys): Linear(in_features=256, out_features=256, bias=True)
          (linear_values): Linear(in_features=256, out_features=256, bias=True)
          (linear_query): Linear(in_features=256, out_features=256, bias=True)
          (softmax): Softmax(dim=-1)
          (dropout): Dropout(p=0.1, inplace=False)
          (final_linear): Linear(in_features=256, out_features=256, bias=True)
        )
        (feed_forward): PositionwiseFeedForward(
          (w_1): Linear(in_features=256, out_features=2048, bias=True)
          (w_2): Linear(in_features=2048, out_features=256, bias=True)
          (layer_norm): LayerNorm()
          (dropout_1): Dropout(p=0.1, inplace=False)
          (relu): ReLU()
          (dropout_2): Dropout(p=0.1, inplace=False)
        )
        (layer_norm_1): LayerNorm()
        (layer_norm_2): LayerNorm()
        (drop): Dropout(p=0.1, inplace=False)
      )
      (2): TransformerDecoderLayer(
        (self_attn): MultiHeadedAttention(
          (linear_keys): Linear(in_features=256, out_features=256, bias=True)
          (linear_values): Linear(in_features=256, out_features=256, bias=True)
          (linear_query): Linear(in_features=256, out_features=256, bias=True)
          (softmax): Softmax(dim=-1)
          (dropout): Dropout(p=0.1, inplace=False)
          (final_linear): Linear(in_features=256, out_features=256, bias=True)
        )
        (context_attn): MultiHeadedAttention(
          (linear_keys): Linear(in_features=256, out_features=256, bias=True)
          (linear_values): Linear(in_features=256, out_features=256, bias=True)
          (linear_query): Linear(in_features=256, out_features=256, bias=True)
          (softmax): Softmax(dim=-1)
          (dropout): Dropout(p=0.1, inplace=False)
          (final_linear): Linear(in_features=256, out_features=256, bias=True)
        )
        (feed_forward): PositionwiseFeedForward(
          (w_1): Linear(in_features=256, out_features=2048, bias=True)
          (w_2): Linear(in_features=2048, out_features=256, bias=True)
          (layer_norm): LayerNorm()
          (dropout_1): Dropout(p=0.1, inplace=False)
          (relu): ReLU()
          (dropout_2): Dropout(p=0.1, inplace=False)
        )
        (layer_norm_1): LayerNorm()
        (layer_norm_2): LayerNorm()
        (drop): Dropout(p=0.1, inplace=False)
      )
      (3): TransformerDecoderLayer(
        (self_attn): MultiHeadedAttention(
          (linear_keys): Linear(in_features=256, out_features=256, bias=True)
          (linear_values): Linear(in_features=256, out_features=256, bias=True)
          (linear_query): Linear(in_features=256, out_features=256, bias=True)
          (softmax): Softmax(dim=-1)
          (dropout): Dropout(p=0.1, inplace=False)
          (final_linear): Linear(in_features=256, out_features=256, bias=True)
        )
        (context_attn): MultiHeadedAttention(
          (linear_keys): Linear(in_features=256, out_features=256, bias=True)
          (linear_values): Linear(in_features=256, out_features=256, bias=True)
          (linear_query): Linear(in_features=256, out_features=256, bias=True)
          (softmax): Softmax(dim=-1)
          (dropout): Dropout(p=0.1, inplace=False)
          (final_linear): Linear(in_features=256, out_features=256, bias=True)
        )
        (feed_forward): PositionwiseFeedForward(
          (w_1): Linear(in_features=256, out_features=2048, bias=True)
          (w_2): Linear(in_features=2048, out_features=256, bias=True)
          (layer_norm): LayerNorm()
          (dropout_1): Dropout(p=0.1, inplace=False)
          (relu): ReLU()
          (dropout_2): Dropout(p=0.1, inplace=False)
        )
        (layer_norm_1): LayerNorm()
        (layer_norm_2): LayerNorm()
        (drop): Dropout(p=0.1, inplace=False)
      )
      (4): TransformerDecoderLayer(
        (self_attn): MultiHeadedAttention(
          (linear_keys): Linear(in_features=256, out_features=256, bias=True)
          (linear_values): Linear(in_features=256, out_features=256, bias=True)
          (linear_query): Linear(in_features=256, out_features=256, bias=True)
          (softmax): Softmax(dim=-1)
          (dropout): Dropout(p=0.1, inplace=False)
          (final_linear): Linear(in_features=256, out_features=256, bias=True)
        )
        (context_attn): MultiHeadedAttention(
          (linear_keys): Linear(in_features=256, out_features=256, bias=True)
          (linear_values): Linear(in_features=256, out_features=256, bias=True)
          (linear_query): Linear(in_features=256, out_features=256, bias=True)
          (softmax): Softmax(dim=-1)
          (dropout): Dropout(p=0.1, inplace=False)
          (final_linear): Linear(in_features=256, out_features=256, bias=True)
        )
        (feed_forward): PositionwiseFeedForward(
          (w_1): Linear(in_features=256, out_features=2048, bias=True)
          (w_2): Linear(in_features=2048, out_features=256, bias=True)
          (layer_norm): LayerNorm()
          (dropout_1): Dropout(p=0.1, inplace=False)
          (relu): ReLU()
          (dropout_2): Dropout(p=0.1, inplace=False)
        )
        (layer_norm_1): LayerNorm()
        (layer_norm_2): LayerNorm()
        (drop): Dropout(p=0.1, inplace=False)
      )
      (5): TransformerDecoderLayer(
        (self_attn): MultiHeadedAttention(
          (linear_keys): Linear(in_features=256, out_features=256, bias=True)
          (linear_values): Linear(in_features=256, out_features=256, bias=True)
          (linear_query): Linear(in_features=256, out_features=256, bias=True)
          (softmax): Softmax(dim=-1)
          (dropout): Dropout(p=0.1, inplace=False)
          (final_linear): Linear(in_features=256, out_features=256, bias=True)
        )
        (context_attn): MultiHeadedAttention(
          (linear_keys): Linear(in_features=256, out_features=256, bias=True)
          (linear_values): Linear(in_features=256, out_features=256, bias=True)
          (linear_query): Linear(in_features=256, out_features=256, bias=True)
          (softmax): Softmax(dim=-1)
          (dropout): Dropout(p=0.1, inplace=False)
          (final_linear): Linear(in_features=256, out_features=256, bias=True)
        )
        (feed_forward): PositionwiseFeedForward(
          (w_1): Linear(in_features=256, out_features=2048, bias=True)
          (w_2): Linear(in_features=2048, out_features=256, bias=True)
          (layer_norm): LayerNorm()
          (dropout_1): Dropout(p=0.1, inplace=False)
          (relu): ReLU()
          (dropout_2): Dropout(p=0.1, inplace=False)
        )
        (layer_norm_1): LayerNorm()
        (layer_norm_2): LayerNorm()
        (drop): Dropout(p=0.1, inplace=False)
      )
      (6): TransformerDecoderLayer(
        (self_attn): MultiHeadedAttention(
          (linear_keys): Linear(in_features=256, out_features=256, bias=True)
          (linear_values): Linear(in_features=256, out_features=256, bias=True)
          (linear_query): Linear(in_features=256, out_features=256, bias=True)
          (softmax): Softmax(dim=-1)
          (dropout): Dropout(p=0.1, inplace=False)
          (final_linear): Linear(in_features=256, out_features=256, bias=True)
        )
        (context_attn): MultiHeadedAttention(
          (linear_keys): Linear(in_features=256, out_features=256, bias=True)
          (linear_values): Linear(in_features=256, out_features=256, bias=True)
          (linear_query): Linear(in_features=256, out_features=256, bias=True)
          (softmax): Softmax(dim=-1)
          (dropout): Dropout(p=0.1, inplace=False)
          (final_linear): Linear(in_features=256, out_features=256, bias=True)
        )
        (feed_forward): PositionwiseFeedForward(
          (w_1): Linear(in_features=256, out_features=2048, bias=True)
          (w_2): Linear(in_features=2048, out_features=256, bias=True)
          (layer_norm): LayerNorm()
          (dropout_1): Dropout(p=0.1, inplace=False)
          (relu): ReLU()
          (dropout_2): Dropout(p=0.1, inplace=False)
        )
        (layer_norm_1): LayerNorm()
        (layer_norm_2): LayerNorm()
        (drop): Dropout(p=0.1, inplace=False)
      )
      (7): TransformerDecoderLayer(
        (self_attn): MultiHeadedAttention(
          (linear_keys): Linear(in_features=256, out_features=256, bias=True)
          (linear_values): Linear(in_features=256, out_features=256, bias=True)
          (linear_query): Linear(in_features=256, out_features=256, bias=True)
          (softmax): Softmax(dim=-1)
          (dropout): Dropout(p=0.1, inplace=False)
          (final_linear): Linear(in_features=256, out_features=256, bias=True)
        )
        (context_attn): MultiHeadedAttention(
          (linear_keys): Linear(in_features=256, out_features=256, bias=True)
          (linear_values): Linear(in_features=256, out_features=256, bias=True)
          (linear_query): Linear(in_features=256, out_features=256, bias=True)
          (softmax): Softmax(dim=-1)
          (dropout): Dropout(p=0.1, inplace=False)
          (final_linear): Linear(in_features=256, out_features=256, bias=True)
        )
        (feed_forward): PositionwiseFeedForward(
          (w_1): Linear(in_features=256, out_features=2048, bias=True)
          (w_2): Linear(in_features=2048, out_features=256, bias=True)
          (layer_norm): LayerNorm()
          (dropout_1): Dropout(p=0.1, inplace=False)
          (relu): ReLU()
          (dropout_2): Dropout(p=0.1, inplace=False)
        )
        (layer_norm_1): LayerNorm()
        (layer_norm_2): LayerNorm()
        (drop): Dropout(p=0.1, inplace=False)
      )
      (8): TransformerDecoderLayer(
        (self_attn): MultiHeadedAttention(
          (linear_keys): Linear(in_features=256, out_features=256, bias=True)
          (linear_values): Linear(in_features=256, out_features=256, bias=True)
          (linear_query): Linear(in_features=256, out_features=256, bias=True)
          (softmax): Softmax(dim=-1)
          (dropout): Dropout(p=0.1, inplace=False)
          (final_linear): Linear(in_features=256, out_features=256, bias=True)
        )
        (context_attn): MultiHeadedAttention(
          (linear_keys): Linear(in_features=256, out_features=256, bias=True)
          (linear_values): Linear(in_features=256, out_features=256, bias=True)
          (linear_query): Linear(in_features=256, out_features=256, bias=True)
          (softmax): Softmax(dim=-1)
          (dropout): Dropout(p=0.1, inplace=False)
          (final_linear): Linear(in_features=256, out_features=256, bias=True)
        )
        (feed_forward): PositionwiseFeedForward(
          (w_1): Linear(in_features=256, out_features=2048, bias=True)
          (w_2): Linear(in_features=2048, out_features=256, bias=True)
          (layer_norm): LayerNorm()
          (dropout_1): Dropout(p=0.1, inplace=False)
          (relu): ReLU()
          (dropout_2): Dropout(p=0.1, inplace=False)
        )
        (layer_norm_1): LayerNorm()
        (layer_norm_2): LayerNorm()
        (drop): Dropout(p=0.1, inplace=False)
      )
      (9): TransformerDecoderLayer(
        (self_attn): MultiHeadedAttention(
          (linear_keys): Linear(in_features=256, out_features=256, bias=True)
          (linear_values): Linear(in_features=256, out_features=256, bias=True)
          (linear_query): Linear(in_features=256, out_features=256, bias=True)
          (softmax): Softmax(dim=-1)
          (dropout): Dropout(p=0.1, inplace=False)
          (final_linear): Linear(in_features=256, out_features=256, bias=True)
        )
        (context_attn): MultiHeadedAttention(
          (linear_keys): Linear(in_features=256, out_features=256, bias=True)
          (linear_values): Linear(in_features=256, out_features=256, bias=True)
          (linear_query): Linear(in_features=256, out_features=256, bias=True)
          (softmax): Softmax(dim=-1)
          (dropout): Dropout(p=0.1, inplace=False)
          (final_linear): Linear(in_features=256, out_features=256, bias=True)
        )
        (feed_forward): PositionwiseFeedForward(
          (w_1): Linear(in_features=256, out_features=2048, bias=True)
          (w_2): Linear(in_features=2048, out_features=256, bias=True)
          (layer_norm): LayerNorm()
          (dropout_1): Dropout(p=0.1, inplace=False)
          (relu): ReLU()
          (dropout_2): Dropout(p=0.1, inplace=False)
        )
        (layer_norm_1): LayerNorm()
        (layer_norm_2): LayerNorm()
        (drop): Dropout(p=0.1, inplace=False)
      )
      (10): TransformerDecoderLayer(
        (self_attn): MultiHeadedAttention(
          (linear_keys): Linear(in_features=256, out_features=256, bias=True)
          (linear_values): Linear(in_features=256, out_features=256, bias=True)
          (linear_query): Linear(in_features=256, out_features=256, bias=True)
          (softmax): Softmax(dim=-1)
          (dropout): Dropout(p=0.1, inplace=False)
          (final_linear): Linear(in_features=256, out_features=256, bias=True)
        )
        (context_attn): MultiHeadedAttention(
          (linear_keys): Linear(in_features=256, out_features=256, bias=True)
          (linear_values): Linear(in_features=256, out_features=256, bias=True)
          (linear_query): Linear(in_features=256, out_features=256, bias=True)
          (softmax): Softmax(dim=-1)
          (dropout): Dropout(p=0.1, inplace=False)
          (final_linear): Linear(in_features=256, out_features=256, bias=True)
        )
        (feed_forward): PositionwiseFeedForward(
          (w_1): Linear(in_features=256, out_features=2048, bias=True)
          (w_2): Linear(in_features=2048, out_features=256, bias=True)
          (layer_norm): LayerNorm()
          (dropout_1): Dropout(p=0.1, inplace=False)
          (relu): ReLU()
          (dropout_2): Dropout(p=0.1, inplace=False)
        )
        (layer_norm_1): LayerNorm()
        (layer_norm_2): LayerNorm()
        (drop): Dropout(p=0.1, inplace=False)
      )
      (11): TransformerDecoderLayer(
        (self_attn): MultiHeadedAttention(
          (linear_keys): Linear(in_features=256, out_features=256, bias=True)
          (linear_values): Linear(in_features=256, out_features=256, bias=True)
          (linear_query): Linear(in_features=256, out_features=256, bias=True)
          (softmax): Softmax(dim=-1)
          (dropout): Dropout(p=0.1, inplace=False)
          (final_linear): Linear(in_features=256, out_features=256, bias=True)
        )
        (context_attn): MultiHeadedAttention(
          (linear_keys): Linear(in_features=256, out_features=256, bias=True)
          (linear_values): Linear(in_features=256, out_features=256, bias=True)
          (linear_query): Linear(in_features=256, out_features=256, bias=True)
          (softmax): Softmax(dim=-1)
          (dropout): Dropout(p=0.1, inplace=False)
          (final_linear): Linear(in_features=256, out_features=256, bias=True)
        )
        (feed_forward): PositionwiseFeedForward(
          (w_1): Linear(in_features=256, out_features=2048, bias=True)
          (w_2): Linear(in_features=2048, out_features=256, bias=True)
          (layer_norm): LayerNorm()
          (dropout_1): Dropout(p=0.1, inplace=False)
          (relu): ReLU()
          (dropout_2): Dropout(p=0.1, inplace=False)
        )
        (layer_norm_1): LayerNorm()
        (layer_norm_2): LayerNorm()
        (drop): Dropout(p=0.1, inplace=False)
      )
      (12): TransformerDecoderLayer(
        (self_attn): MultiHeadedAttention(
          (linear_keys): Linear(in_features=256, out_features=256, bias=True)
          (linear_values): Linear(in_features=256, out_features=256, bias=True)
          (linear_query): Linear(in_features=256, out_features=256, bias=True)
          (softmax): Softmax(dim=-1)
          (dropout): Dropout(p=0.1, inplace=False)
          (final_linear): Linear(in_features=256, out_features=256, bias=True)
        )
        (context_attn): MultiHeadedAttention(
          (linear_keys): Linear(in_features=256, out_features=256, bias=True)
          (linear_values): Linear(in_features=256, out_features=256, bias=True)
          (linear_query): Linear(in_features=256, out_features=256, bias=True)
          (softmax): Softmax(dim=-1)
          (dropout): Dropout(p=0.1, inplace=False)
          (final_linear): Linear(in_features=256, out_features=256, bias=True)
        )
        (feed_forward): PositionwiseFeedForward(
          (w_1): Linear(in_features=256, out_features=2048, bias=True)
          (w_2): Linear(in_features=2048, out_features=256, bias=True)
          (layer_norm): LayerNorm()
          (dropout_1): Dropout(p=0.1, inplace=False)
          (relu): ReLU()
          (dropout_2): Dropout(p=0.1, inplace=False)
        )
        (layer_norm_1): LayerNorm()
        (layer_norm_2): LayerNorm()
        (drop): Dropout(p=0.1, inplace=False)
      )
    )
    (layer_norm): LayerNorm()
  )
  (generator): Sequential(
    (0): Linear(in_features=256, out_features=201, bias=True)
    (1): LogSoftmax()
  )
)
[2020-05-02 20:34:50,991 INFO] encoder: 17147904
[2020-05-02 20:34:50,991 INFO] decoder: 20575945
[2020-05-02 20:34:50,992 INFO] * number of parameters: 37723849
[2020-05-02 20:34:51,273 INFO] Start training...
[2020-05-02 20:34:54,732 INFO] Loading train dataset from data/USPTO-50K/USPTO-50K.train.0.pt, number of examples: 400040
[2020-05-02 20:48:07,377 INFO] Step 181000/200000; acc:  99.99; ppl:  1.00; xent: 0.00; lr: 0.00029; 19763/20193 tok/s;    793 sec
[2020-05-02 20:50:41,374 INFO] Loading train dataset from data/USPTO-50K/USPTO-50K.train.0.pt, number of examples: 400040
[2020-05-02 21:01:35,239 INFO] Step 182000/200000; acc:  99.99; ppl:  1.00; xent: 0.00; lr: 0.00029; 18988/19462 tok/s;   1601 sec
[2020-05-02 21:06:39,080 INFO] Loading train dataset from data/USPTO-50K/USPTO-50K.train.0.pt, number of examples: 400040
[2020-05-02 21:15:01,498 INFO] Step 183000/200000; acc:  99.98; ppl:  1.00; xent: 0.00; lr: 0.00029; 19454/19794 tok/s;   2407 sec
[2020-05-02 21:22:30,871 INFO] Loading train dataset from data/USPTO-50K/USPTO-50K.train.0.pt, number of examples: 400040
[2020-05-02 21:28:21,005 INFO] Step 184000/200000; acc:  99.99; ppl:  1.00; xent: 0.00; lr: 0.00029; 19594/20009 tok/s;   3206 sec
[2020-05-02 21:38:19,571 INFO] Loading train dataset from data/USPTO-50K/USPTO-50K.train.0.pt, number of examples: 400040
[2020-05-02 21:41:41,542 INFO] Step 185000/200000; acc:  99.99; ppl:  1.00; xent: 0.00; lr: 0.00029; 19526/19979 tok/s;   4007 sec
[2020-05-02 21:54:08,948 INFO] Loading train dataset from data/USPTO-50K/USPTO-50K.train.0.pt, number of examples: 400040
[2020-05-02 21:55:02,690 INFO] Step 186000/200000; acc:  99.99; ppl:  1.00; xent: 0.00; lr: 0.00029; 19469/19764 tok/s;   4808 sec
[2020-05-02 22:08:15,009 INFO] Step 187000/200000; acc:  99.98; ppl:  1.00; xent: 0.00; lr: 0.00029; 19742/20244 tok/s;   5600 sec
[2020-05-02 22:09:57,023 INFO] Loading train dataset from data/USPTO-50K/USPTO-50K.train.0.pt, number of examples: 400040
[2020-05-02 22:21:38,248 INFO] Step 188000/200000; acc:  99.99; ppl:  1.00; xent: 0.00; lr: 0.00029; 19456/19914 tok/s;   6404 sec
[2020-05-02 22:25:49,908 INFO] Loading train dataset from data/USPTO-50K/USPTO-50K.train.0.pt, number of examples: 400040
[2020-05-02 22:35:07,043 INFO] Step 189000/200000; acc:  99.99; ppl:  1.00; xent: 0.00; lr: 0.00029; 19690/20193 tok/s;   7212 sec
[2020-05-02 22:42:10,798 INFO] Loading train dataset from data/USPTO-50K/USPTO-50K.train.0.pt, number of examples: 400040
[2020-05-02 22:49:25,192 INFO] Step 190000/200000; acc:  99.99; ppl:  1.00; xent: 0.00; lr: 0.00029; 18746/19066 tok/s;   8070 sec
[2020-05-02 22:49:26,590 INFO] Loading valid dataset from data/USPTO-50K/USPTO-50K.valid.0.pt, number of examples: 50000
[2020-05-02 22:51:01,617 INFO] Validation perplexity: 1.03515
[2020-05-02 22:51:01,617 INFO] Validation accuracy: 99.5204
[2020-05-02 22:51:01,620 INFO] Saving checkpoint experiments/checkpoints/USPTO-50K/USPTO-50K_model_step_190000.pt
[2020-05-02 23:00:53,670 INFO] Loading train dataset from data/USPTO-50K/USPTO-50K.train.0.pt, number of examples: 400040
[2020-05-02 23:05:29,971 INFO] Step 191000/200000; acc:  99.99; ppl:  1.00; xent: 0.00; lr: 0.00029; 17771/18055 tok/s;   9035 sec
[2020-05-02 23:18:04,649 INFO] Loading train dataset from data/USPTO-50K/USPTO-50K.train.0.pt, number of examples: 400040
[2020-05-02 23:19:59,500 INFO] Step 192000/200000; acc:  99.99; ppl:  1.00; xent: 0.00; lr: 0.00029; 18158/18431 tok/s;   9905 sec
[2020-05-02 23:33:55,313 INFO] Step 193000/200000; acc: 100.00; ppl:  1.00; xent: 0.00; lr: 0.00028; 19583/20027 tok/s;  10741 sec
[2020-05-02 23:34:46,239 INFO] Loading train dataset from data/USPTO-50K/USPTO-50K.train.0.pt, number of examples: 400040
[2020-05-02 23:47:18,321 INFO] Step 194000/200000; acc:  99.98; ppl:  1.00; xent: 0.00; lr: 0.00028; 19707/20169 tok/s;  11544 sec
[2020-05-02 23:50:37,532 INFO] Loading train dataset from data/USPTO-50K/USPTO-50K.train.0.pt, number of examples: 400040
[2020-05-03 00:00:43,435 INFO] Step 195000/200000; acc:  99.99; ppl:  1.00; xent: 0.00; lr: 0.00028; 19420/19783 tok/s;  12349 sec
[2020-05-03 00:06:33,572 INFO] Loading train dataset from data/USPTO-50K/USPTO-50K.train.0.pt, number of examples: 400040
[2020-05-03 00:14:11,785 INFO] Step 196000/200000; acc:  99.99; ppl:  1.00; xent: 0.00; lr: 0.00028; 19559/19913 tok/s;  13157 sec
[2020-05-03 00:22:32,183 INFO] Loading train dataset from data/USPTO-50K/USPTO-50K.train.0.pt, number of examples: 400040
[2020-05-03 00:27:41,976 INFO] Step 197000/200000; acc:  99.97; ppl:  1.00; xent: 0.00; lr: 0.00028; 19592/20090 tok/s;  13967 sec
[2020-05-03 00:38:34,064 INFO] Loading train dataset from data/USPTO-50K/USPTO-50K.train.0.pt, number of examples: 400040
[2020-05-03 00:41:12,626 INFO] Step 198000/200000; acc: 100.00; ppl:  1.00; xent: 0.00; lr: 0.00028; 19214/19442 tok/s;  14778 sec
[2020-05-03 00:54:33,855 INFO] Loading train dataset from data/USPTO-50K/USPTO-50K.train.0.pt, number of examples: 400040
[2020-05-03 00:54:42,560 INFO] Step 199000/200000; acc:  99.99; ppl:  1.00; xent: 0.00; lr: 0.00028; 19757/20150 tok/s;  15588 sec
[2020-05-03 01:07:58,160 INFO] Step 200000/200000; acc:  99.98; ppl:  1.00; xent: 0.00; lr: 0.00028; 19334/19958 tok/s;  16383 sec
[2020-05-03 01:07:59,126 INFO] Loading valid dataset from data/USPTO-50K/USPTO-50K.valid.0.pt, number of examples: 50000
[2020-05-03 01:09:19,619 INFO] Validation perplexity: 1.03552
[2020-05-03 01:09:19,619 INFO] Validation accuracy: 99.5227
[2020-05-03 01:09:19,623 INFO] Saving checkpoint experiments/checkpoints/USPTO-50K/USPTO-50K_model_step_200000.pt
[2020-05-03 01:09:24,998 INFO] Loading train dataset from data/USPTO-50K/USPTO-50K.train.0.pt, number of examples: 400040
